<?xml version="1.0" encoding="UTF-8"?>
<testng-results ignored="0" total="2" passed="2" failed="0" skipped="0">
  <reporter-output>
  </reporter-output>
  <suite started-at="2018-10-25T11:18:52 IST" name="test.java.Test99GuruLogin" finished-at="2018-10-25T11:19:15 IST" duration-ms="23789">
    <groups>
    </groups>
    <test started-at="2018-10-25T11:18:52 IST" name="Command line test" finished-at="2018-10-25T11:19:15 IST" duration-ms="23789">
      <class name="test.java.Test99GuruLogin">
        <test-method is-config="true" signature="setup()[pri:0, instance:test.java.Test99GuruLogin@7fa98a66]" started-at="2018-10-25T11:18:52 IST" name="setup" finished-at="2018-10-25T11:19:10 IST" duration-ms="18598" status="PASS">
          <reporter-output>
          </reporter-output>
        </test-method> <!-- setup -->
        <test-method signature="test_Login_Page()[pri:0, instance:test.java.Test99GuruLogin@7fa98a66]" started-at="2018-10-25T11:19:10 IST" name="test_Login_Page" finished-at="2018-10-25T11:19:10 IST" duration-ms="252" status="PASS">
          <reporter-output>
          </reporter-output>
        </test-method> <!-- test_Login_Page -->
        <test-method signature="test_Home_Page()[pri:1, instance:test.java.Test99GuruLogin@7fa98a66]" started-at="2018-10-25T11:19:10 IST" name="test_Home_Page" finished-at="2018-10-25T11:19:13 IST" duration-ms="2459" status="PASS">
          <reporter-output>
          </reporter-output>
        </test-method> <!-- test_Home_Page -->
        <test-method is-config="true" signature="close_instance()[pri:0, instance:test.java.Test99GuruLogin@7fa98a66]" started-at="2018-10-25T11:19:13 IST" name="close_instance" finished-at="2018-10-25T11:19:15 IST" duration-ms="2437" status="PASS">
          <reporter-output>
          </reporter-output>
        </test-method> <!-- close_instance -->
      </class> <!-- test.java.Test99GuruLogin -->
    </test> <!-- Command line test -->
  </suite> <!-- test.java.Test99GuruLogin -->
</testng-results>
