<?xml version="1.0" encoding="UTF-8"?>
<testng-results ignored="0" total="2" passed="2" failed="0" skipped="0">
  <reporter-output>
  </reporter-output>
  <suite started-at="2018-10-30T10:56:34Z" name="Testng_smokesuite" finished-at="2018-10-30T10:57:29Z" duration-ms="55438">
    <groups>
    </groups>
    <test started-at="2018-10-30T10:56:34Z" name="Login_test" finished-at="2018-10-30T10:57:29Z" duration-ms="55438">
      <class name="test.java.Test99GuruLogin">
        <test-method is-config="true" signature="setup()[pri:0, instance:test.java.Test99GuruLogin@74455848]" started-at="2018-10-30T10:56:34Z" name="setup" finished-at="2018-10-30T10:57:23Z" duration-ms="49342" status="PASS">
          <reporter-output>
          </reporter-output>
        </test-method> <!-- setup -->
        <test-method signature="test_Login_Page()[pri:0, instance:test.java.Test99GuruLogin@74455848]" started-at="2018-10-30T10:57:23Z" name="test_Login_Page" finished-at="2018-10-30T10:57:24Z" duration-ms="950" status="PASS">
          <reporter-output>
          </reporter-output>
        </test-method> <!-- test_Login_Page -->
        <test-method signature="test_Home_Page()[pri:1, instance:test.java.Test99GuruLogin@74455848]" started-at="2018-10-30T10:57:24Z" name="test_Home_Page" finished-at="2018-10-30T10:57:27Z" duration-ms="2420" status="PASS">
          <reporter-output>
          </reporter-output>
        </test-method> <!-- test_Home_Page -->
        <test-method is-config="true" signature="close_instance()[pri:0, instance:test.java.Test99GuruLogin@74455848]" started-at="2018-10-30T10:57:27Z" name="close_instance" finished-at="2018-10-30T10:57:29Z" duration-ms="2687" status="PASS">
          <reporter-output>
          </reporter-output>
        </test-method> <!-- close_instance -->
      </class> <!-- test.java.Test99GuruLogin -->
    </test> <!-- Login_test -->
  </suite> <!-- Testng_smokesuite -->
</testng-results>
