<?xml version="1.0" encoding="UTF-8"?>
<testng-results ignored="0" total="2" passed="2" failed="0" skipped="0">
  <reporter-output>
  </reporter-output>
  <suite started-at="2018-10-29T14:50:09Z" name="Default suite" finished-at="2018-10-29T14:50:34Z" duration-ms="24470">
    <groups>
    </groups>
    <test started-at="2018-10-29T14:50:09Z" name="Default test" finished-at="2018-10-29T14:50:34Z" duration-ms="24470">
      <class name="test.java.Test99GuruLogin">
        <test-method is-config="true" signature="setup()[pri:0, instance:test.java.Test99GuruLogin@74455848]" started-at="2018-10-29T14:50:09Z" name="setup" finished-at="2018-10-29T14:50:27Z" duration-ms="17613" status="PASS">
          <reporter-output>
          </reporter-output>
        </test-method> <!-- setup -->
        <test-method signature="test_Login_Page()[pri:0, instance:test.java.Test99GuruLogin@74455848]" started-at="2018-10-29T14:50:27Z" name="test_Login_Page" finished-at="2018-10-29T14:50:27Z" duration-ms="318" status="PASS">
          <reporter-output>
          </reporter-output>
        </test-method> <!-- test_Login_Page -->
        <test-method signature="test_Home_Page()[pri:1, instance:test.java.Test99GuruLogin@74455848]" started-at="2018-10-29T14:50:27Z" name="test_Home_Page" finished-at="2018-10-29T14:50:30Z" duration-ms="2358" status="PASS">
          <reporter-output>
          </reporter-output>
        </test-method> <!-- test_Home_Page -->
        <test-method is-config="true" signature="close_instance()[pri:0, instance:test.java.Test99GuruLogin@74455848]" started-at="2018-10-29T14:50:30Z" name="close_instance" finished-at="2018-10-29T14:50:34Z" duration-ms="4145" status="PASS">
          <reporter-output>
          </reporter-output>
        </test-method> <!-- close_instance -->
      </class> <!-- test.java.Test99GuruLogin -->
    </test> <!-- Default test -->
  </suite> <!-- Default suite -->
</testng-results>
