<?xml version="1.0" encoding="UTF-8"?>
<!-- Generated by org.testng.reporters.JUnitXMLReporter -->
<testsuite ignored="0" hostname="LAPTOP-6DDHJJBU" failures="0" tests="3" name="seleniumautomation" time="22.091" errors="0" timestamp="26 Oct 2018 05:19:34 GMT">
  <testcase classname="test.java.Test99GuruLogin" name="test_Login_Page" time="0.278"/>
  <testcase classname="test.java.NewTestpom" name="dummytest" time="0.003"/>
  <testcase classname="test.java.Test99GuruLogin" name="test_Home_Page" time="3.317"/>
</testsuite> <!-- seleniumautomation -->
